<?xml version="1.0" encoding="UTF-8"?>
<!-- Generated by org.testng.reporters.JUnitReportReporter -->
<testsuite name="other.SimulateCaptureBarcodeAndroid" tests="1" time="104.226" ignored="0" failures="0" timestamp="25 אפר 2018 16:13:29 GMT" skipped="0" hostname="AmitNahum" errors="0">
  <testcase name="testEHI" time="104.226" classname="other.SimulateCaptureBarcodeAndroid"/>
</testsuite> <!-- other.SimulateCaptureBarcodeAndroid -->
