<?xml version="1.0" encoding="UTF-8"?>
<!-- Generated by org.testng.reporters.JUnitReportReporter -->
<testsuite name="other.SimulateCapture" tests="1" time="113.415" ignored="0" failures="0" timestamp="25 אפר 2018 15:17:59 GMT" skipped="0" hostname="AmitNahum" errors="0">
  <testcase name="testEHI" time="113.415" classname="other.SimulateCapture"/>
</testsuite> <!-- other.SimulateCapture -->
